
> playmaker-nextjs@0.1.0 type-check C:\Users\jurea\Documents\playmaker-jure 26.10
> tsc --noEmit

src/app/[locale]/admin/audit/page.tsx(154,25): error TS2322: Type 'unknown' is not assignable to type 'ReactNode'.
src/app/[locale]/admin/bookings/page.tsx(78,26): error TS2322: Type '{ court: { name: string; id: string; } | null; facility: { name: string; id: string; }; id: string; status: string; createdAt: Date; user: { name: string; id: string; email: string; }; startTime: Date; endTime: Date; isSeasonal: boolean | null; price: Decimal | null; paymentStatus: string | null; }[]' is not assignable to type 'Booking[]'.
  Type '{ court: { name: string; id: string; } | null; facility: { name: string; id: string; }; id: string; status: string; createdAt: Date; user: { name: string; id: string; email: string; }; startTime: Date; endTime: Date; isSeasonal: boolean | null; price: Decimal | null; paymentStatus: string | null; }' is not assignable to type 'Booking'.
    Types of property 'isSeasonal' are incompatible.
      Type 'boolean | null' is not assignable to type 'boolean'.
        Type 'null' is not assignable to type 'boolean'.
src/app/[locale]/admin/facilities/page.tsx(72,28): error TS2322: Type '{ name: string; id: string; slug: string | null; address: string; city: string; images: string[]; status: string; createdAt: Date; updatedAt: Date; organization: { name: string; id: string; slug: string | null; }; _count: { ...; }; }[]' is not assignable to type 'Facility[]'.
  Type '{ name: string; id: string; slug: string | null; address: string; city: string; images: string[]; status: string; createdAt: Date; updatedAt: Date; organization: { name: string; id: string; slug: string | null; }; _count: { ...; }; }' is not assignable to type 'Facility'.
    The types of 'organization.slug' are incompatible between these types.
      Type 'string | null' is not assignable to type 'string'.
        Type 'null' is not assignable to type 'string'.
src/app/[locale]/admin/no-shows/page.tsx(22,5): error TS2322: Type '{ id: string; status: string; userId: string; bookingId: string; reason: string | null; reportedBy: string; reportedAt: Date; redeemedAt: Date | null; expiredAt: Date | null; }[]' is not assignable to type '{ id: string; userId: string; reportedBy: string; reportedAt: Date; reason: string | null; status: string; user: { id: string; name: string | null; email: string; activeStrikes: number; isBanned: boolean; }; reporter: { ...; }; booking: { ...; } | null; }[]'.
  Type '{ id: string; status: string; userId: string; bookingId: string; reason: string | null; reportedBy: string; reportedAt: Date; redeemedAt: Date | null; expiredAt: Date | null; }' is missing the following properties from type '{ id: string; userId: string; reportedBy: string; reportedAt: Date; reason: string | null; status: string; user: { id: string; name: string | null; email: string; activeStrikes: number; isBanned: boolean; }; reporter: { ...; }; booking: { ...; } | null; }': user, reporter, booking
src/app/[locale]/admin/no-shows/page.tsx(25,77): error TS2561: Object literal may only specify known properties, but 'isBanned' does not exist in type 'UserSelect<DefaultArgs>'. Did you mean to write 'banned'?
src/app/[locale]/admin/notifications/page.tsx(99,28): error TS2322: Type '{ id: string; createdAt: Date; type: string; message: string; metadata: JsonValue; category: string; title: string; isRead: boolean; isResolved: boolean; resolvedAt: Date | null; resolvedBy: string | null; }[]' is not assignable to type 'Notification[]'.
  Type '{ id: string; createdAt: Date; type: string; message: string; metadata: JsonValue; category: string; title: string; isRead: boolean; isResolved: boolean; resolvedAt: Date | null; resolvedBy: string | null; }' is not assignable to type 'Notification'.
    Types of property 'metadata' are incompatible.
      Type 'JsonValue' is not assignable to type 'Record<string, unknown> | null'.
        Type 'string' is not assignable to type 'Record<string, unknown>'.
src/app/[locale]/provider/[organizationSlug]/analytics/page.tsx(124,32): error TS2345: Argument of type '{ id: string; createdAt: Date; updatedAt: Date; email: string; emailVerified: boolean; name: string; image?: string | null | undefined; banned: boolean | null | undefined; banExpires?: Date | ... 1 more ... | undefined; banReason?: string | ... 1 more ... | undefined; role?: string | ... 1 more ... | undefined; }' is not assignable to parameter of type '{ name: string; id: string; email: string; createdAt: Date; updatedAt: Date; emailVerified: boolean; image: string | null; banExpires: Date | null; banReason: string | null; ... 10 more ...; verificationAttempts: number; }'.
  Type '{ id: string; createdAt: Date; updatedAt: Date; email: string; emailVerified: boolean; name: string; image?: string | null | undefined; banned: boolean | null | undefined; banExpires?: Date | ... 1 more ... | undefined; banReason?: string | ... 1 more ... | undefined; role?: string | ... 1 more ... | undefined; }' is missing the following properties from type '{ name: string; id: string; email: string; createdAt: Date; updatedAt: Date; emailVerified: boolean; image: string | null; banExpires: Date | null; banReason: string | null; ... 10 more ...; verificationAttempts: number; }': trustLevel, weeklyBookingLimit, successfulBookings, activeStrikes, and 5 more.
src/app/[locale]/provider/[organizationSlug]/bookings/page.tsx(81,32): error TS2345: Argument of type '{ id: string; createdAt: Date; updatedAt: Date; email: string; emailVerified: boolean; name: string; image?: string | null | undefined; banned: boolean | null | undefined; role?: string | ... 1 more ... | undefined; banExpires?: Date | ... 1 more ... | undefined; banReason?: string | ... 1 more ... | undefined; }' is not assignable to parameter of type '{ id: string; createdAt: Date; updatedAt: Date; email: string; name: string; role: string | null; image: string | null; emailVerified: boolean; banExpires: Date | null; ... 10 more ...; verificationAttempts: number; }'.
  Type '{ id: string; createdAt: Date; updatedAt: Date; email: string; emailVerified: boolean; name: string; image?: string | null | undefined; banned: boolean | null | undefined; role?: string | ... 1 more ... | undefined; banExpires?: Date | ... 1 more ... | undefined; banReason?: string | ... 1 more ... | undefined; }' is missing the following properties from type '{ id: string; createdAt: Date; updatedAt: Date; email: string; name: string; role: string | null; image: string | null; emailVerified: boolean; banExpires: Date | null; ... 10 more ...; verificationAttempts: number; }': trustLevel, weeklyBookingLimit, successfulBookings, activeStrikes, and 5 more.
src/app/[locale]/provider/[organizationSlug]/calendar/page.tsx(117,32): error TS2345: Argument of type '{ id: string; createdAt: Date; updatedAt: Date; email: string; emailVerified: boolean; name: string; image?: string | null | undefined; banned: boolean | null | undefined; banExpires?: Date | ... 1 more ... | undefined; banReason?: string | ... 1 more ... | undefined; role?: string | ... 1 more ... | undefined; }' is not assignable to parameter of type '{ name: string; id: string; email: string; createdAt: Date; updatedAt: Date; emailVerified: boolean; image: string | null; banExpires: Date | null; banReason: string | null; ... 10 more ...; verificationAttempts: number; }'.
  Type '{ id: string; createdAt: Date; updatedAt: Date; email: string; emailVerified: boolean; name: string; image?: string | null | undefined; banned: boolean | null | undefined; banExpires?: Date | ... 1 more ... | undefined; banReason?: string | ... 1 more ... | undefined; role?: string | ... 1 more ... | undefined; }' is missing the following properties from type '{ name: string; id: string; email: string; createdAt: Date; updatedAt: Date; emailVerified: boolean; image: string | null; banExpires: Date | null; banReason: string | null; ... 10 more ...; verificationAttempts: number; }': trustLevel, weeklyBookingLimit, successfulBookings, activeStrikes, and 5 more.
src/app/[locale]/provider/[organizationSlug]/facilities/page.tsx(81,32): error TS2345: Argument of type '{ id: string; createdAt: Date; updatedAt: Date; email: string; emailVerified: boolean; name: string; image?: string | null | undefined; banned: boolean | null | undefined; banExpires?: Date | ... 1 more ... | undefined; banReason?: string | ... 1 more ... | undefined; role?: string | ... 1 more ... | undefined; }' is not assignable to parameter of type '{ name: string; id: string; email: string; createdAt: Date; updatedAt: Date; emailVerified: boolean; image: string | null; banExpires: Date | null; banReason: string | null; ... 10 more ...; verificationAttempts: number; }'.
  Type '{ id: string; createdAt: Date; updatedAt: Date; email: string; emailVerified: boolean; name: string; image?: string | null | undefined; banned: boolean | null | undefined; banExpires?: Date | ... 1 more ... | undefined; banReason?: string | ... 1 more ... | undefined; role?: string | ... 1 more ... | undefined; }' is missing the following properties from type '{ name: string; id: string; email: string; createdAt: Date; updatedAt: Date; emailVerified: boolean; image: string | null; banExpires: Date | null; banReason: string | null; ... 10 more ...; verificationAttempts: number; }': trustLevel, weeklyBookingLimit, successfulBookings, activeStrikes, and 5 more.
src/app/[locale]/provider/[organizationSlug]/promotions/page.tsx(82,32): error TS2345: Argument of type '{ id: string; createdAt: Date; updatedAt: Date; email: string; emailVerified: boolean; name: string; image?: string | null | undefined; banned: boolean | null | undefined; banExpires?: Date | ... 1 more ... | undefined; banReason?: string | ... 1 more ... | undefined; role?: string | ... 1 more ... | undefined; }' is not assignable to parameter of type '{ name: string; id: string; email: string; createdAt: Date; updatedAt: Date; emailVerified: boolean; image: string | null; banExpires: Date | null; banReason: string | null; ... 10 more ...; verificationAttempts: number; }'.
  Type '{ id: string; createdAt: Date; updatedAt: Date; email: string; emailVerified: boolean; name: string; image?: string | null | undefined; banned: boolean | null | undefined; banExpires?: Date | ... 1 more ... | undefined; banReason?: string | ... 1 more ... | undefined; role?: string | ... 1 more ... | undefined; }' is missing the following properties from type '{ name: string; id: string; email: string; createdAt: Date; updatedAt: Date; emailVerified: boolean; image: string | null; banExpires: Date | null; banReason: string | null; ... 10 more ...; verificationAttempts: number; }': trustLevel, weeklyBookingLimit, successfulBookings, activeStrikes, and 5 more.
src/app/[locale]/provider/[organizationSlug]/seasonal-terms/page.tsx(108,32): error TS2345: Argument of type '{ id: string; createdAt: Date; updatedAt: Date; email: string; emailVerified: boolean; name: string; image?: string | null | undefined; banned: boolean | null | undefined; banExpires?: Date | ... 1 more ... | undefined; banReason?: string | ... 1 more ... | undefined; role?: string | ... 1 more ... | undefined; }' is not assignable to parameter of type '{ name: string; id: string; email: string; createdAt: Date; updatedAt: Date; emailVerified: boolean; image: string | null; banExpires: Date | null; banReason: string | null; ... 10 more ...; verificationAttempts: number; }'.
  Type '{ id: string; createdAt: Date; updatedAt: Date; email: string; emailVerified: boolean; name: string; image?: string | null | undefined; banned: boolean | null | undefined; banExpires?: Date | ... 1 more ... | undefined; banReason?: string | ... 1 more ... | undefined; role?: string | ... 1 more ... | undefined; }' is missing the following properties from type '{ name: string; id: string; email: string; createdAt: Date; updatedAt: Date; emailVerified: boolean; image: string | null; banExpires: Date | null; banReason: string | null; ... 10 more ...; verificationAttempts: number; }': trustLevel, weeklyBookingLimit, successfulBookings, activeStrikes, and 5 more.
src/app/[locale]/provider/[organizationSlug]/settings/page.tsx(81,32): error TS2345: Argument of type '{ id: string; createdAt: Date; updatedAt: Date; email: string; emailVerified: boolean; name: string; image?: string | null | undefined; banned: boolean | null | undefined; banExpires?: Date | ... 1 more ... | undefined; banReason?: string | ... 1 more ... | undefined; role?: string | ... 1 more ... | undefined; }' is not assignable to parameter of type '{ name: string; id: string; email: string; createdAt: Date; updatedAt: Date; emailVerified: boolean; image: string | null; banExpires: Date | null; banReason: string | null; ... 10 more ...; verificationAttempts: number; }'.
  Type '{ id: string; createdAt: Date; updatedAt: Date; email: string; emailVerified: boolean; name: string; image?: string | null | undefined; banned: boolean | null | undefined; banExpires?: Date | ... 1 more ... | undefined; banReason?: string | ... 1 more ... | undefined; role?: string | ... 1 more ... | undefined; }' is missing the following properties from type '{ name: string; id: string; email: string; createdAt: Date; updatedAt: Date; emailVerified: boolean; image: string | null; banExpires: Date | null; banReason: string | null; ... 10 more ...; verificationAttempts: number; }': trustLevel, weeklyBookingLimit, successfulBookings, activeStrikes, and 5 more.
src/app/[locale]/provider/[organizationSlug]/team/invite-member-dialog.tsx(124,9): error TS2367: This comparison appears to be unintentional because the types '"member" | "owner"' and '"admin"' have no overlap.
src/app/api/bookings/[bookingId]/route.ts(180,32): error TS2339: Property 'name' does not exist on type '{ id: string; organizationId: string; }'.
src/app/api/bookings/[bookingId]/route.ts(195,34): error TS2339: Property 'name' does not exist on type '{ id: string; organizationId: string; }'.
src/app/api/bookings/seasonal/[seriesId]/confirm/route.ts(59,7): error TS18047: 'firstBooking.court' is possibly 'null'.
src/app/api/bookings/seasonal/[seriesId]/reject/route.ts(59,7): error TS18047: 'firstBooking.court' is possibly 'null'.
src/app/api/courts/route.ts(216,13): error TS2304: Cannot find name 'body'.
src/app/api/facilities/[facilityId]/availability/route.ts(145,36): error TS2345: Argument of type '{ id: string; createdAt: Date; updatedAt: Date; email: string; emailVerified: boolean; name: string; image?: string | null | undefined; banned: boolean | null | undefined; banExpires?: Date | ... 1 more ... | undefined; banReason?: string | ... 1 more ... | undefined; role?: string | ... 1 more ... | undefined; }' is not assignable to parameter of type '{ name: string; id: string; email: string; createdAt: Date; updatedAt: Date; emailVerified: boolean; image: string | null; banExpires: Date | null; banReason: string | null; ... 10 more ...; verificationAttempts: number; }'.
  Type '{ id: string; createdAt: Date; updatedAt: Date; email: string; emailVerified: boolean; name: string; image?: string | null | undefined; banned: boolean | null | undefined; banExpires?: Date | ... 1 more ... | undefined; banReason?: string | ... 1 more ... | undefined; role?: string | ... 1 more ... | undefined; }' is missing the following properties from type '{ name: string; id: string; email: string; createdAt: Date; updatedAt: Date; emailVerified: boolean; image: string | null; banExpires: Date | null; banReason: string | null; ... 10 more ...; verificationAttempts: number; }': trustLevel, weeklyBookingLimit, successfulBookings, activeStrikes, and 5 more.
src/app/api/facilities/[facilityId]/route.ts(39,26): error TS2552: Cannot find name 'getMember'. Did you mean 'member'?
src/app/api/promotions/analytics/route.ts(48,34): error TS2345: Argument of type '{ id: string; createdAt: Date; updatedAt: Date; email: string; emailVerified: boolean; name: string; image?: string | null | undefined; banned: boolean | null | undefined; banExpires?: Date | ... 1 more ... | undefined; banReason?: string | ... 1 more ... | undefined; role?: string | ... 1 more ... | undefined; }' is not assignable to parameter of type '{ name: string; id: string; email: string; createdAt: Date; updatedAt: Date; emailVerified: boolean; image: string | null; banExpires: Date | null; banReason: string | null; ... 10 more ...; verificationAttempts: number; }'.
  Type '{ id: string; createdAt: Date; updatedAt: Date; email: string; emailVerified: boolean; name: string; image?: string | null | undefined; banned: boolean | null | undefined; banExpires?: Date | ... 1 more ... | undefined; banReason?: string | ... 1 more ... | undefined; role?: string | ... 1 more ... | undefined; }' is missing the following properties from type '{ name: string; id: string; email: string; createdAt: Date; updatedAt: Date; emailVerified: boolean; image: string | null; banExpires: Date | null; banReason: string | null; ... 10 more ...; verificationAttempts: number; }': trustLevel, weeklyBookingLimit, successfulBookings, activeStrikes, and 5 more.
src/app/api/provider/occupancy/route.ts(115,26): error TS2339: Property 'totalPrice' does not exist on type '{ facility: { name: string; id: string; locationType: string | null; }; user: { name: string; id: string; email: string; }; } & { id: string; status: string; createdAt: Date; updatedAt: Date; ... 14 more ...; promotionId: string | null; }'.
src/app/api/provider/occupancy/route.ts(123,72): error TS2339: Property 'totalPrice' does not exist on type '{ facility: { name: string; id: string; locationType: string | null; }; user: { name: string; id: string; email: string; }; } & { id: string; status: string; createdAt: Date; updatedAt: Date; ... 14 more ...; promotionId: string | null; }'.
src/app/api/sport-categories/route.ts(32,26): error TS2552: Cannot find name 'getMember'. Did you mean 'member'?
src/app/api/user/reservations/route.ts(54,31): error TS2339: Property 'sport' does not exist on type '{ name: string; address: string; city: string; locationType: string | null; }'.
src/app/api/user/suggested-slots/route.ts(40,28): error TS2339: Property 'sport' does not exist on type '{ name: string; address: string; city: string; locationType: string | null; }'.
src/app/api/user/suggested-slots/route.ts(41,42): error TS2339: Property 'sport' does not exist on type '{ name: string; address: string; city: string; locationType: string | null; }'.
src/app/api/user/suggested-slots/route.ts(41,83): error TS2339: Property 'sport' does not exist on type '{ name: string; address: string; city: string; locationType: string | null; }'.
src/app/api/user/suggested-slots/route.ts(76,9): error TS2353: Object literal may only specify known properties, and 'sport' does not exist in type 'FacilityWhereInput'.
src/app/api/user/suggested-slots/route.ts(92,58): error TS2339: Property 'sport' does not exist on type '{ name: string; currency: string; id: string; slug: string | null; description: string | null; address: string; city: string; phone: string | null; email: string | null; website: string | null; ... 15 more ...; defaultSeasonEndDate: Date | null; }'.
src/app/api/user/suggested-slots/route.ts(104,29): error TS2339: Property 'sport' does not exist on type '{ name: string; currency: string; id: string; slug: string | null; description: string | null; address: string; city: string; phone: string | null; email: string | null; website: string | null; ... 15 more ...; defaultSeasonEndDate: Date | null; }'.
src/app/api/waitlist/manual/route.ts(103,18): error TS2551: Property 'organization' does not exist on type '{ id: string; organizationId: string; }'. Did you mean 'organizationId'?
src/components/active-filters-chips.tsx(95,14): error TS2345: Argument of type '`locationType.${string}`' is not assignable to parameter of type 'NamespacedMessageKeys<{ Global: { notFoundPage: { title: string; }; }; AuthModule: { platformLoginPage: { title: string; description: string; orContinueWith: string; termsText: string; termsOfService: string; and: string; privacyPolicy: string; }; ... 5 more ...; adminLoginForm: { ...; }; }; ... 7 more ...; Partners...'.
src/components/active-filters-chips.tsx(100,14): error TS2345: Argument of type '`surface.${string}`' is not assignable to parameter of type 'NamespacedMessageKeys<{ Global: { notFoundPage: { title: string; }; }; AuthModule: { platformLoginPage: { title: string; description: string; orContinueWith: string; termsText: string; termsOfService: string; and: string; privacyPolicy: string; }; ... 5 more ...; adminLoginForm: { ...; }; }; ... 7 more ...; Partners...'.
src/components/active-filters-chips.tsx(105,14): error TS2345: Argument of type '`amenities.${string}`' is not assignable to parameter of type 'NamespacedMessageKeys<{ Global: { notFoundPage: { title: string; }; }; AuthModule: { platformLoginPage: { title: string; description: string; orContinueWith: string; termsText: string; termsOfService: string; and: string; privacyPolicy: string; }; ... 5 more ...; adminLoginForm: { ...; }; }; ... 7 more ...; Partners...'.
src/components/enhanced-facilities-filters.tsx(347,32): error TS2339: Property 'useCustomIcon' does not exist on type '{ readonly slug: "tenis"; readonly translationKey: "tennis"; readonly icon: "/icons/tennis.svg"; } | { readonly slug: "večnamensko"; readonly translationKey: "multiPurpose"; readonly icon: "/icons/tennis.svg"; readonly useCustomIcon: true; } | ... 8 more ... | { ...; }'.
  Property 'useCustomIcon' does not exist on type '{ readonly slug: "tenis"; readonly translationKey: "tennis"; readonly icon: "/icons/tennis.svg"; }'.
src/components/for-providers/competitive-comparison.tsx(86,20): error TS2345: Argument of type '`features.${string}`' is not assignable to parameter of type 'NamespacedMessageKeys<{ Global: { notFoundPage: { title: string; }; }; AuthModule: { platformLoginPage: { title: string; description: string; orContinueWith: string; termsText: string; termsOfService: string; and: string; privacyPolicy: string; }; ... 5 more ...; adminLoginForm: { ...; }; }; ... 7 more ...; Partners...'.
src/components/for-providers/partners-pricing.tsx(183,22): error TS2345: Argument of type 'string' is not assignable to parameter of type 'NamespacedMessageKeys<{ Global: { notFoundPage: { title: string; }; }; AuthModule: { platformLoginPage: { title: string; description: string; orContinueWith: string; termsText: string; termsOfService: string; and: string; privacyPolicy: string; }; ... 5 more ...; adminLoginForm: { ...; }; }; ... 7 more ...; Partners...'.
src/components/for-providers/partners-pricing.tsx(186,22): error TS2345: Argument of type 'string' is not assignable to parameter of type 'NamespacedMessageKeys<{ Global: { notFoundPage: { title: string; }; }; AuthModule: { platformLoginPage: { title: string; description: string; orContinueWith: string; termsText: string; termsOfService: string; and: string; privacyPolicy: string; }; ... 5 more ...; adminLoginForm: { ...; }; }; ... 7 more ...; Partners...'.
src/components/for-providers/partners-pricing.tsx(212,28): error TS2345: Argument of type '`features.${string}`' is not assignable to parameter of type 'NamespacedMessageKeys<{ Global: { notFoundPage: { title: string; }; }; AuthModule: { platformLoginPage: { title: string; description: string; orContinueWith: string; termsText: string; termsOfService: string; and: string; privacyPolicy: string; }; ... 5 more ...; adminLoginForm: { ...; }; }; ... 7 more ...; Partners...'.
src/components/for-providers/partners-pricing.tsx(234,24): error TS2345: Argument of type 'string' is not assignable to parameter of type 'NamespacedMessageKeys<{ Global: { notFoundPage: { title: string; }; }; AuthModule: { platformLoginPage: { title: string; description: string; orContinueWith: string; termsText: string; termsOfService: string; and: string; privacyPolicy: string; }; ... 5 more ...; adminLoginForm: { ...; }; }; ... 7 more ...; Partners...'.
src/components/free-facilities-tabs.tsx(126,17): error TS2322: Type '{ hidden: { opacity: number; y: number; }; visible: { opacity: number; y: number; transition: { duration: number; ease: readonly [0.22, 1, 0.36, 1]; }; }; exit: { opacity: number; y: number; transition: { duration: number; ease: string; }; }; }' is not assignable to type 'Variants'.
  Property 'exit' is incompatible with index signature.
    Type '{ opacity: number; y: number; transition: { duration: number; ease: string; }; }' is not assignable to type 'Variant'.
      Type '{ opacity: number; y: number; transition: { duration: number; ease: string; }; }' is not assignable to type 'TargetAndTransition'.
        Type '{ opacity: number; y: number; transition: { duration: number; ease: string; }; }' is not assignable to type '{ transition?: Transition<any> | undefined; transitionEnd?: ResolvedValues | undefined; }'.
          Types of property 'transition' are incompatible.
            Type '{ duration: number; ease: string; }' is not assignable to type 'Transition<any> | undefined'.
              Type '{ duration: number; ease: string; }' is not assignable to type 'TransitionWithValueOverrides<any>'.
                Type '{ duration: number; ease: string; }' is not assignable to type 'ValueAnimationTransition<any>'.
                  Types of property 'ease' are incompatible.
                    Type 'string' is not assignable to type 'Easing | Easing[] | undefined'.
src/components/free-facilities-tabs.tsx(152,17): error TS2322: Type '{ hidden: { opacity: number; y: number; }; visible: { opacity: number; y: number; transition: { duration: number; ease: readonly [0.22, 1, 0.36, 1]; }; }; exit: { opacity: number; y: number; transition: { duration: number; ease: string; }; }; }' is not assignable to type 'Variants'.
  Property 'exit' is incompatible with index signature.
    Type '{ opacity: number; y: number; transition: { duration: number; ease: string; }; }' is not assignable to type 'Variant'.
      Type '{ opacity: number; y: number; transition: { duration: number; ease: string; }; }' is not assignable to type 'TargetAndTransition'.
        Type '{ opacity: number; y: number; transition: { duration: number; ease: string; }; }' is not assignable to type '{ transition?: Transition<any> | undefined; transitionEnd?: ResolvedValues | undefined; }'.
          Types of property 'transition' are incompatible.
            Type '{ duration: number; ease: string; }' is not assignable to type 'Transition<any> | undefined'.
              Type '{ duration: number; ease: string; }' is not assignable to type 'TransitionWithValueOverrides<any>'.
                Type '{ duration: number; ease: string; }' is not assignable to type 'ValueAnimationTransition<any>'.
                  Types of property 'ease' are incompatible.
                    Type 'string' is not assignable to type 'Easing | Easing[] | undefined'.
src/components/landing/landing-features.tsx(79,24): error TS2345: Argument of type '`items.${string}.title`' is not assignable to parameter of type 'NamespacedMessageKeys<{ Global: { notFoundPage: { title: string; }; }; AuthModule: { platformLoginPage: { title: string; description: string; orContinueWith: string; termsText: string; termsOfService: string; and: string; privacyPolicy: string; }; ... 5 more ...; adminLoginForm: { ...; }; }; ... 7 more ...; Partners...'.
src/components/landing/landing-features.tsx(82,24): error TS2345: Argument of type '`items.${string}.description`' is not assignable to parameter of type 'NamespacedMessageKeys<{ Global: { notFoundPage: { title: string; }; }; AuthModule: { platformLoginPage: { title: string; description: string; orContinueWith: string; termsText: string; termsOfService: string; and: string; privacyPolicy: string; }; ... 5 more ...; adminLoginForm: { ...; }; }; ... 7 more ...; Partners...'.
src/components/landing/popular-sports.tsx(80,46): error TS2345: Argument of type '`items.${string}.name`' is not assignable to parameter of type 'NamespacedMessageKeys<{ Global: { notFoundPage: { title: string; }; }; AuthModule: { platformLoginPage: { title: string; description: string; orContinueWith: string; termsText: string; termsOfService: string; and: string; privacyPolicy: string; }; ... 5 more ...; adminLoginForm: { ...; }; }; ... 7 more ...; Partners...'.
src/components/landing/popular-sports.tsx(97,32): error TS2345: Argument of type '`items.${string}.name`' is not assignable to parameter of type 'NamespacedMessageKeys<{ Global: { notFoundPage: { title: string; }; }; AuthModule: { platformLoginPage: { title: string; description: string; orContinueWith: string; termsText: string; termsOfService: string; and: string; privacyPolicy: string; }; ... 5 more ...; adminLoginForm: { ...; }; }; ... 7 more ...; Partners...'.
src/components/landing/popular-sports.tsx(104,24): error TS2345: Argument of type '`items.${string}.name`' is not assignable to parameter of type 'NamespacedMessageKeys<{ Global: { notFoundPage: { title: string; }; }; AuthModule: { platformLoginPage: { title: string; description: string; orContinueWith: string; termsText: string; termsOfService: string; and: string; privacyPolicy: string; }; ... 5 more ...; adminLoginForm: { ...; }; }; ... 7 more ...; Partners...'.
src/components/optimistic-booking-form.tsx(223,15): error TS2322: Type '{ children: Element; type: string; isOptimistic: boolean; status: "pending" | "success"; disabled: boolean; className: string; }' is not assignable to type 'IntrinsicAttributes & OptimisticButtonProps'.
  Property 'type' does not exist on type 'IntrinsicAttributes & OptimisticButtonProps'.
src/components/optimistic-login-form.tsx(196,17): error TS2322: Type '{ children: Element; type: string; isOptimistic: boolean; status: "pending" | "success"; disabled: boolean; className: string; }' is not assignable to type 'IntrinsicAttributes & OptimisticButtonProps'.
  Property 'type' does not exist on type 'IntrinsicAttributes & OptimisticButtonProps'.
src/hooks/use-optimistic-test.ts(83,32): error TS2345: Argument of type '{ id: string; name: string; }' is not assignable to parameter of type 'never'.
src/hooks/use-optimistic-test.ts(128,34): error TS2345: Argument of type '{ id: string; facilityId: any; userId: string; startTime: Date; endTime: Date; status: "pending"; notes: any; createdAt: Date; updatedAt: Date; customerName: any; customerEmail: any; }' is not assignable to parameter of type 'never'.
src/hooks/use-optimistic-test.ts(223,34): error TS2345: Argument of type '{ id: string; name: any; description: any; location: any; capacity: any; amenities: any; images: any; status: "active"; organizationId: any; createdAt: Date; updatedAt: Date; }' is not assignable to parameter of type 'never'.
src/hooks/use-optimistic-test.ts(245,32): error TS2345: Argument of type '{ id: string; name: string; }' is not assignable to parameter of type 'never'.
src/hooks/use-optimistic-test.ts(270,43): error TS2345: Argument of type '{ id: string; name: string; }' is not assignable to parameter of type 'never'.
src/hooks/use-optimistic-test.ts(286,23): error TS2345: Argument of type '{ id: string; name: string; }' is not assignable to parameter of type 'never'.
src/hooks/use-optimistic-test.ts(353,30): error TS2345: Argument of type '{ id: string; name: string; }' is not assignable to parameter of type 'never'.
src/lib/booking-protection-test.ts(178,26): error TS2339: Property 'startTime' does not exist on type 'BookingValidationResult'.
src/lib/booking-protection-test.ts(179,26): error TS2339: Property 'endTime' does not exist on type 'BookingValidationResult'.
src/lib/platform-notifications.ts(40,9): error TS2322: Type 'Record<string, unknown> | null' is not assignable to type 'NullableJsonNullValueInput | InputJsonValue | undefined'.
  Type 'null' is not assignable to type 'NullableJsonNullValueInput | InputJsonValue | undefined'.
src/modules/email/lib/email.ts(34,12): error TS2352: Conversion of type 'string | number | boolean | JsonObject | JsonArray' to type 'EmailTemplate' may be a mistake because neither type sufficiently overlaps with the other. If this was intentional, convert the expression to 'unknown' first.
  Type 'JsonValue[]' is missing the following properties from type 'EmailTemplate': subject, body
src/modules/platform/actions/get-related-facilities.ts(129,3): error TS2322: Type '{ name: string; currency: string; id: string; slug: string | null; address: string; city: string; imageUrl: string | null; locationType: string | null; pricePerHour: Decimal | null; sportCategories: { ...; }[]; }[]' is not assignable to type 'RelatedFacility[]'.
  Type '{ name: string; currency: string; id: string; slug: string | null; address: string; city: string; imageUrl: string | null; locationType: string | null; pricePerHour: Decimal | null; sportCategories: { ...; }[]; }' is not assignable to type 'RelatedFacility'.
    Types of property 'slug' are incompatible.
      Type 'string | null' is not assignable to type 'string'.
        Type 'null' is not assignable to type 'string'.
src/modules/platform/components/facility/amenities-image-overlay.tsx(74,20): error TS2345: Argument of type 'string' is not assignable to parameter of type 'NamespacedMessageKeys<{ Global: { notFoundPage: { title: string; }; }; AuthModule: { platformLoginPage: { title: string; description: string; orContinueWith: string; termsText: string; termsOfService: string; and: string; privacyPolicy: string; }; ... 5 more ...; adminLoginForm: { ...; }; }; ... 7 more ...; Partners...'.
src/modules/platform/components/facility/description-rules-tabs.tsx(129,15): error TS2322: Type '{ hidden: { opacity: number; x: number; }; visible: { opacity: number; x: number; transition: { duration: number; ease: readonly [0.22, 1, 0.36, 1]; }; }; exit: { opacity: number; x: number; transition: { duration: number; ease: string; }; }; }' is not assignable to type 'Variants'.
  Property 'exit' is incompatible with index signature.
    Type '{ opacity: number; x: number; transition: { duration: number; ease: string; }; }' is not assignable to type 'Variant'.
      Type '{ opacity: number; x: number; transition: { duration: number; ease: string; }; }' is not assignable to type 'TargetAndTransition'.
        Type '{ opacity: number; x: number; transition: { duration: number; ease: string; }; }' is not assignable to type '{ transition?: Transition<any> | undefined; transitionEnd?: ResolvedValues | undefined; }'.
          Types of property 'transition' are incompatible.
            Type '{ duration: number; ease: string; }' is not assignable to type 'Transition<any> | undefined'.
              Type '{ duration: number; ease: string; }' is not assignable to type 'TransitionWithValueOverrides<any>'.
                Type '{ duration: number; ease: string; }' is not assignable to type 'ValueAnimationTransition<any>'.
                  Types of property 'ease' are incompatible.
                    Type 'string' is not assignable to type 'Easing | Easing[] | undefined'.
src/modules/platform/components/facility/description-rules-tabs.tsx(143,15): error TS2322: Type '{ hidden: { opacity: number; x: number; }; visible: { opacity: number; x: number; transition: { duration: number; ease: readonly [0.22, 1, 0.36, 1]; }; }; exit: { opacity: number; x: number; transition: { duration: number; ease: string; }; }; }' is not assignable to type 'Variants'.
  Property 'exit' is incompatible with index signature.
    Type '{ opacity: number; x: number; transition: { duration: number; ease: string; }; }' is not assignable to type 'Variant'.
      Type '{ opacity: number; x: number; transition: { duration: number; ease: string; }; }' is not assignable to type 'TargetAndTransition'.
        Type '{ opacity: number; x: number; transition: { duration: number; ease: string; }; }' is not assignable to type '{ transition?: Transition<any> | undefined; transitionEnd?: ResolvedValues | undefined; }'.
          Types of property 'transition' are incompatible.
            Type '{ duration: number; ease: string; }' is not assignable to type 'Transition<any> | undefined'.
              Type '{ duration: number; ease: string; }' is not assignable to type 'TransitionWithValueOverrides<any>'.
                Type '{ duration: number; ease: string; }' is not assignable to type 'ValueAnimationTransition<any>'.
                  Types of property 'ease' are incompatible.
                    Type 'string' is not assignable to type 'Easing | Easing[] | undefined'.
src/modules/platform/components/facility/facility-amenities.tsx(111,22): error TS2345: Argument of type 'string' is not assignable to parameter of type 'NamespacedMessageKeys<{ Global: { notFoundPage: { title: string; }; }; AuthModule: { platformLoginPage: { title: string; description: string; orContinueWith: string; termsText: string; termsOfService: string; and: string; privacyPolicy: string; }; ... 5 more ...; adminLoginForm: { ...; }; }; ... 7 more ...; Partners...'.
src/modules/provider/components/analytics/analytics-content.tsx(144,9): error TS2322: Type '{ facilities: { id: string; name: string; }[]; courts: { id: string; name: string; facilityId: string; }[]; onFiltersChange: Dispatch<SetStateAction<{ dateRange: "all" | "custom" | "7d" | "30d" | "90d"; startDate?: Date | undefined; endDate?: Date | undefined; facilityId?: string | undefined; courtId?: string | unde...' is not assignable to type 'IntrinsicAttributes & AnalyticsFiltersProps'.
  Property 'onFiltersChange' does not exist on type 'IntrinsicAttributes & AnalyticsFiltersProps'.
src/modules/provider/components/analytics/analytics-content.tsx(153,8): error TS2739: Type '{ occupancyAnalytics: any; }' is missing the following properties from type 'OccupancyAnalyticsProps': organizationId, organizationSlug
src/modules/provider/components/bookings/bookings-management.tsx(87,9): error TS2322: Type '{ startTime: Date; endTime: Date; userId: string; updatedAt: Date; id: string; facilityId: string; facilityName: string; customerName: string; customerEmail: string; customerPhone?: string | undefined; status: "pending" | ... 2 more ... | "completed"; createdAt: string; totalAmount: number; }[]' is not assignable to type 'Booking[]'.
  Type '{ startTime: Date; endTime: Date; userId: string; updatedAt: Date; id: string; facilityId: string; facilityName: string; customerName: string; customerEmail: string; customerPhone?: string; status: "pending" | "confirmed" | "cancelled" | "completed"; createdAt: string; totalAmount: number; }' is not assignable to type 'Booking'.
    Types of property 'createdAt' are incompatible.
      Type 'string' is not assignable to type 'Date'.
src/modules/provider/components/bookings/bookings-management.tsx(98,5): error TS2339: Property 'isLoading' does not exist on type '{ bookings: Booking[]; isOptimistic: (id: string) => boolean; getOptimisticItem: (id: string) => OptimisticUpdate<Booking> | undefined; rollbackOptimistic: (id: string) => void; ... 12 more ...; getBookingsByDateRange: (startDate: Date, endDate: Date) => Booking[]; }'.
src/modules/provider/components/bookings/bookings-management.tsx(109,9): error TS2554: Expected 2 arguments, but got 3.
src/modules/provider/components/bookings/bookings-management.tsx(314,67): error TS2339: Property 'isOptimistic' does not exist on type 'Booking'.
src/modules/provider/components/bookings/bookings-management.tsx(334,36): error TS2339: Property 'facilityName' does not exist on type 'Booking'.
src/modules/provider/components/calendar/provider-calendar.tsx(10,46): error TS2307: Cannot find module './provider-availability-calendar' or its corresponding type declarations.
src/modules/provider/components/dashboard/court-occupancy-heatmap.tsx(296,30): error TS2339: Property 'hourlyOccupancy' does not exist on type 'CourtOccupancyData | { courtId: string; courtName: string; facilityId: string; facilityName: string; sportCategoryId: string; sportCategoryName: string; hourlyOccupancy: HourlyOccupancyData[]; }'.
  Property 'hourlyOccupancy' does not exist on type 'CourtOccupancyData'.
src/modules/provider/components/dashboard/court-occupancy-heatmap.tsx(296,52): error TS7006: Parameter 'h' implicitly has an 'any' type.
src/modules/provider/components/dashboard/court-occupancy-heatmap.tsx(313,29): error TS2339: Property 'dailyOccupancy' does not exist on type 'CourtOccupancyData | { courtId: string; courtName: string; facilityId: string; facilityName: string; sportCategoryId: string; sportCategoryName: string; hourlyOccupancy: HourlyOccupancyData[]; }'.
  Property 'dailyOccupancy' does not exist on type '{ courtId: string; courtName: string; facilityId: string; facilityName: string; sportCategoryId: string; sportCategoryName: string; hourlyOccupancy: HourlyOccupancyData[]; }'.
src/modules/provider/components/dashboard/court-occupancy-heatmap.tsx(313,49): error TS7006: Parameter 'd' implicitly has an 'any' type.
src/modules/provider/components/dashboard/court-occupancy-heatmap.tsx(534,54): error TS2339: Property 'hourlyOccupancy' does not exist on type 'CourtOccupancyData | { courtId: string; courtName: string; facilityId: string; facilityName: string; sportCategoryId: string; sportCategoryName: string; hourlyOccupancy: HourlyOccupancyData[]; }'.
  Property 'hourlyOccupancy' does not exist on type 'CourtOccupancyData'.
src/modules/provider/components/dashboard/court-occupancy-heatmap.tsx(534,76): error TS7006: Parameter 'h' implicitly has an 'any' type.
src/modules/provider/components/dashboard/court-occupancy-heatmap.tsx(615,53): error TS2339: Property 'dailyOccupancy' does not exist on type 'CourtOccupancyData | { courtId: string; courtName: string; facilityId: string; facilityName: string; sportCategoryId: string; sportCategoryName: string; hourlyOccupancy: HourlyOccupancyData[]; }'.
  Property 'dailyOccupancy' does not exist on type '{ courtId: string; courtName: string; facilityId: string; facilityName: string; sportCategoryId: string; sportCategoryName: string; hourlyOccupancy: HourlyOccupancyData[]; }'.
src/modules/provider/components/dashboard/court-occupancy-heatmap.tsx(615,73): error TS7006: Parameter 'd' implicitly has an 'any' type.
src/modules/provider/components/dashboard/dashboard-overview.tsx(200,36): error TS2551: Property 'lastWeekRevenue' does not exist on type 'DashboardStats'. Did you mean 'weeklyRevenue'?
src/modules/provider/components/dashboard/dashboard-overview.tsx(201,7): error TS18048: 'currentStats.weeklyRevenue' is possibly 'undefined'.
src/modules/provider/components/dashboard/dashboard-overview.tsx(201,49): error TS2551: Property 'lastWeekRevenue' does not exist on type 'DashboardStats'. Did you mean 'weeklyRevenue'?
src/modules/provider/components/dashboard/dashboard-overview.tsx(201,81): error TS2551: Property 'lastWeekRevenue' does not exist on type 'DashboardStats'. Did you mean 'weeklyRevenue'?
src/modules/provider/components/dashboard/dashboard-overview.tsx(203,37): error TS2551: Property 'lastMonthRevenue' does not exist on type 'DashboardStats'. Did you mean 'monthlyRevenue'?
src/modules/provider/components/dashboard/dashboard-overview.tsx(204,50): error TS2551: Property 'lastMonthRevenue' does not exist on type 'DashboardStats'. Did you mean 'monthlyRevenue'?
src/modules/provider/components/dashboard/dashboard-overview.tsx(204,83): error TS2551: Property 'lastMonthRevenue' does not exist on type 'DashboardStats'. Did you mean 'monthlyRevenue'?
src/modules/provider/components/dashboard/dashboard-overview.tsx(206,26): error TS18048: 'currentStats.occupancyRate' is possibly 'undefined'.
src/modules/provider/components/dashboard/dashboard-overview.tsx(303,12): error TS2322: Type '{ onClick: (() => void) | undefined; color: "text-green-600"; bgColor: "bg-green-100"; title: string; value: string; description: string; icon: ForwardRefExoticComponent<Omit<LucideProps, "ref"> & RefAttributes<...>>; trend: { ...; }; key: string; } | ... 4 more ... | { ...; }' is not assignable to type 'IntrinsicAttributes & CompactStatCardProps'.
  Type '{ onClick: (() => void) | undefined; color: "text-green-600"; bgColor: "bg-green-100"; title: string; value: string; description: string; icon: ForwardRefExoticComponent<Omit<LucideProps, "ref"> & RefAttributes<...>>; trend: { ...; }; key: string; }' is not assignable to type 'CompactStatCardProps'.
    The types of 'trend.direction' are incompatible between these types.
      Type 'string' is not assignable to type '"up" | "down" | "neutral"'.
src/modules/provider/components/dashboard/dashboard-overview.tsx(335,13): error TS2322: Type '{ id: string; startTime: string; endTime: string; facilityId: string; facilityName: string; courtName?: string | undefined; customerName: string; customerEmail: string; customerPhone?: string | undefined; ... 4 more ...; createdAt: string; }[]' is not assignable to type 'Booking[]'.
  Type '{ id: string; startTime: string; endTime: string; facilityId: string; facilityName: string; courtName?: string | undefined; customerName: string; customerEmail: string; customerPhone?: string | undefined; ... 4 more ...; createdAt: string; }' is not assignable to type 'Booking'.
    Types of property 'totalAmount' are incompatible.
      Type 'number | undefined' is not assignable to type 'number'.
        Type 'undefined' is not assignable to type 'number'.
src/modules/provider/components/dashboard/dashboard-overview.tsx(352,38): error TS2551: Property 'lastWeekRevenue' does not exist on type 'DashboardStats'. Did you mean 'weeklyRevenue'?
src/modules/provider/components/dashboard/dashboard-overview.tsx(353,39): error TS2551: Property 'lastMonthRevenue' does not exist on type 'DashboardStats'. Did you mean 'monthlyRevenue'?
src/modules/provider/components/facilities/edit-court-hours-dialog.tsx(146,21): error TS7006: Parameter 'prev' implicitly has an 'any' type.
 ELIFECYCLE  Command failed with exit code 2.
